#-----------------------------------------------------------
# Vivado v2023.2 (64-bit)
# SW Build 4029153 on Fri Oct 13 20:14:34 MDT 2023
# IP Build 4028589 on Sat Oct 14 00:45:43 MDT 2023
# SharedData Build 4025554 on Tue Oct 10 17:18:54 MDT 2023
# Start of session at: Tue Mar 19 13:33:37 2024
# Process ID: 17636
# Current directory: C:/ECE/ECE3300L/Alarm_Clock
# Command line: vivado.exe -gui_launcher_event rodinguilauncherevent3664 C:\ECE\ECE3300L\Alarm_Clock\Alarm_Clock.xpr
# Log file: C:/ECE/ECE3300L/Alarm_Clock/vivado.log
# Journal file: C:/ECE/ECE3300L/Alarm_Clock\vivado.jou
# Running On: DESKTOP-BSI61R4, OS: Windows, CPU Frequency: 2096 MHz, CPU Physical cores: 8, Host memory: 6387 MB
#-----------------------------------------------------------
start_gui
open_project C:/ECE/ECE3300L/Alarm_Clock/Alarm_Clock.xpr
WARNING: [Board 49-26] cannot add Board Part xilinx.com:kc705:part0:1.6 available at C:/Xilinx/Vivado/2023.2/data/xhub/boards/XilinxBoardStore/boards/Xilinx/kc705/1.6/board.xml as part xc7k325tffg900-2 specified in board_part file is either invalid or not available
WARNING: [Board 49-26] cannot add Board Part xilinx.com:kcu105:part0:1.6 available at C:/Xilinx/Vivado/2023.2/data/xhub/boards/XilinxBoardStore/boards/Xilinx/kcu105/1.6/board.xml as part xcku040-ffva1156-2-e specified in board_part file is either invalid or not available
WARNING: [Board 49-26] cannot add Board Part xilinx.com:kcu105:part0:1.7 available at C:/Xilinx/Vivado/2023.2/data/xhub/boards/XilinxBoardStore/boards/Xilinx/kcu105/1.7/board.xml as part xcku040-ffva1156-2-e specified in board_part file is either invalid or not available
WARNING: [Board 49-26] cannot add Board Part xilinx.com:kcu1500:part0:1.2 available at C:/Xilinx/Vivado/2023.2/data/xhub/boards/XilinxBoardStore/boards/Xilinx/kcu1500/1.2/board.xml as part xcku115-flvb2104-2-e specified in board_part file is either invalid or not available
WARNING: [Board 49-26] cannot add Board Part xilinx.com:vc707:part0:1.4 available at C:/Xilinx/Vivado/2023.2/data/xhub/boards/XilinxBoardStore/boards/Xilinx/vc707/1.4/board.xml as part xc7vx485tffg1761-2 specified in board_part file is either invalid or not available
WARNING: [Board 49-26] cannot add Board Part xilinx.com:vc709:part0:1.8 available at C:/Xilinx/Vivado/2023.2/data/xhub/boards/XilinxBoardStore/boards/Xilinx/vc709/1.8/board.xml as part xc7vx690tffg1761-2 specified in board_part file is either invalid or not available
WARNING: [Board 49-26] cannot add Board Part xilinx.com:vck190:part0:2.2 available at C:/Xilinx/Vivado/2023.2/data/xhub/boards/XilinxBoardStore/boards/Xilinx/vck190/production/2.2/board.xml as part xcvc1902-vsva2197-2mp-e-s specified in board_part file is either invalid or not available
WARNING: [Board 49-26] cannot add Board Part xilinx.com:vck190:part0:3.0 available at C:/Xilinx/Vivado/2023.2/data/xhub/boards/XilinxBoardStore/boards/Xilinx/vck190/production/3.0/board.xml as part xcvc1902-vsva2197-2mp-e-s specified in board_part file is either invalid or not available
WARNING: [Board 49-26] cannot add Board Part xilinx.com:vck190:part0:3.1 available at C:/Xilinx/Vivado/2023.2/data/xhub/boards/XilinxBoardStore/boards/Xilinx/vck190/production/3.1/board.xml as part xcvc1902-vsva2197-2mp-e-s specified in board_part file is either invalid or not available
WARNING: [Board 49-26] cannot add Board Part xilinx.com:vck190:part0:3.2 available at C:/Xilinx/Vivado/2023.2/data/xhub/boards/XilinxBoardStore/boards/Xilinx/vck190/production/3.2/board.xml as part xcvc1902-vsva2197-2mp-e-s specified in board_part file is either invalid or not available
WARNING: [Board 49-26] cannot add Board Part xilinx.com:vck190_newl:part0:1.0 available at C:/Xilinx/Vivado/2023.2/data/xhub/boards/XilinxBoardStore/boards/Xilinx/vck190_newl/production/1.0/board.xml as part xcvc1902-vsva2197-2mp-e-s specified in board_part file is either invalid or not available
WARNING: [Board 49-26] cannot add Board Part xilinx.com:vck190_newl:part0:1.1 available at C:/Xilinx/Vivado/2023.2/data/xhub/boards/XilinxBoardStore/boards/Xilinx/vck190_newl/production/1.1/board.xml as part xcvc1902-vsva2197-2mp-e-s specified in board_part file is either invalid or not available
WARNING: [Board 49-26] cannot add Board Part xilinx.com:vcu108:part0:1.6 available at C:/Xilinx/Vivado/2023.2/data/xhub/boards/XilinxBoardStore/boards/Xilinx/vcu108/1.6/board.xml as part xcvu095-ffva2104-2-e specified in board_part file is either invalid or not available
WARNING: [Board 49-26] cannot add Board Part xilinx.com:vcu108:part0:1.7 available at C:/Xilinx/Vivado/2023.2/data/xhub/boards/XilinxBoardStore/boards/Xilinx/vcu108/1.7/board.xml as part xcvu095-ffva2104-2-e specified in board_part file is either invalid or not available
WARNING: [Board 49-26] cannot add Board Part xilinx.com:vcu110:part0:1.4 available at C:/Xilinx/Vivado/2023.2/data/xhub/boards/XilinxBoardStore/boards/Xilinx/vcu110/1.4/board.xml as part xcvu190-flgc2104-2-e specified in board_part file is either invalid or not available
WARNING: [Board 49-26] cannot add Board Part xilinx.com:vcu118:part0:2.0 available at C:/Xilinx/Vivado/2023.2/data/xhub/boards/XilinxBoardStore/boards/Xilinx/vcu118/2.0/board.xml as part xcvu9p-flga2104-2l-e specified in board_part file is either invalid or not available
WARNING: [Board 49-26] cannot add Board Part xilinx.com:vcu118:part0:2.3 available at C:/Xilinx/Vivado/2023.2/data/xhub/boards/XilinxBoardStore/boards/Xilinx/vcu118/2.3/board.xml as part xcvu9p-flga2104-2l-e specified in board_part file is either invalid or not available
WARNING: [Board 49-26] cannot add Board Part xilinx.com:vcu118:part0:2.4 available at C:/Xilinx/Vivado/2023.2/data/xhub/boards/XilinxBoardStore/boards/Xilinx/vcu118/2.4/board.xml as part xcvu9p-flga2104-2l-e specified in board_part file is either invalid or not available
WARNING: [Board 49-26] cannot add Board Part xilinx.com:vcu129:part0:1.0 available at C:/Xilinx/Vivado/2023.2/data/xhub/boards/XilinxBoardStore/boards/Xilinx/vcu129/production/1.0/board.xml as part xcvu29p-fsga2577-2l-e specified in board_part file is either invalid or not available
WARNING: [Board 49-26] cannot add Board Part xilinx.com:vcu1525:part0:1.3 available at C:/Xilinx/Vivado/2023.2/data/xhub/boards/XilinxBoardStore/boards/Xilinx/vcu1525/1.3/board.xml as part xcvu9p-fsgd2104-2l-e specified in board_part file is either invalid or not available
WARNING: [Board 49-26] cannot add Board Part xilinx.com:vek280:part0:1.0 available at C:/Xilinx/Vivado/2023.2/data/xhub/boards/XilinxBoardStore/boards/Xilinx/vek280/production/1.0/board.xml as part xcve2802-vsvh1760-2mp-e-s specified in board_part file is either invalid or not available
WARNING: [Board 49-26] cannot add Board Part xilinx.com:vek280_es:part0:1.0 available at C:/Xilinx/Vivado/2023.2/data/xhub/boards/XilinxBoardStore/boards/Xilinx/vek280/es/rev_a/1.0/board.xml as part xcve2802-vsvh1760-2lp-e-s-es1 specified in board_part file is either invalid or not available
WARNING: [Board 49-26] cannot add Board Part xilinx.com:vek280_es:part0:1.1 available at C:/Xilinx/Vivado/2023.2/data/xhub/boards/XilinxBoardStore/boards/Xilinx/vek280/es/rev_a/1.1/board.xml as part xcve2802-vsvh1760-2lp-e-s-es1 specified in board_part file is either invalid or not available
WARNING: [Board 49-26] cannot add Board Part xilinx.com:vek280_es_revb:part0:1.0 available at C:/Xilinx/Vivado/2023.2/data/xhub/boards/XilinxBoardStore/boards/Xilinx/vek280/es/rev_b/1.0/board.xml as part xcve2802-vsvh1760-2mp-e-s-es1 specified in board_part file is either invalid or not available
WARNING: [Board 49-26] cannot add Board Part xilinx.com:vek280_es_revb:part0:1.1 available at C:/Xilinx/Vivado/2023.2/data/xhub/boards/XilinxBoardStore/boards/Xilinx/vek280/es/rev_b/1.1/board.xml as part xcve2802-vsvh1760-2mp-e-s-es1 specified in board_part file is either invalid or not available
WARNING: [Board 49-26] cannot add Board Part xilinx.com:vermeo_t1_mpsoc:part0:1.0 available at C:/Xilinx/Vivado/2023.2/data/xhub/boards/XilinxBoardStore/boards/Xilinx/vermeo_t1_mpsoc/1.0/board.xml as part xczu19eg-ffvd1760-2l-e specified in board_part file is either invalid or not available
WARNING: [Board 49-26] cannot add Board Part xilinx.com:vermeo_t1_rfsoc:part0:1.0 available at C:/Xilinx/Vivado/2023.2/data/xhub/boards/XilinxBoardStore/boards/Xilinx/vermeo_t1_rfsoc/1.0/board.xml as part xczu21dr-ffvd1156-2l-e specified in board_part file is either invalid or not available
WARNING: [Board 49-26] cannot add Board Part xilinx.com:vhk158:part0:1.0 available at C:/Xilinx/Vivado/2023.2/data/xhub/boards/XilinxBoardStore/boards/Xilinx/vhk158/production/1.0/board.xml as part xcvh1582-vsva3697-2mp-e-s specified in board_part file is either invalid or not available
WARNING: [Board 49-26] cannot add Board Part xilinx.com:vhk158:part0:1.1 available at C:/Xilinx/Vivado/2023.2/data/xhub/boards/XilinxBoardStore/boards/Xilinx/vhk158/production/1.1/board.xml as part xcvh1582-vsva3697-2mp-e-s specified in board_part file is either invalid or not available
WARNING: [Board 49-26] cannot add Board Part xilinx.com:vhk158_es:part0:1.0 available at C:/Xilinx/Vivado/2023.2/data/xhub/boards/XilinxBoardStore/boards/Xilinx/vhk158/es/1.0/board.xml as part xcvh1582-vsva3697-2mp-e-s-es1 specified in board_part file is either invalid or not available
WARNING: [Board 49-26] cannot add Board Part xilinx.com:vhk158_es:part0:1.1 available at C:/Xilinx/Vivado/2023.2/data/xhub/boards/XilinxBoardStore/boards/Xilinx/vhk158/es/1.1/board.xml as part xcvh1582-vsva3697-2mp-e-s-es1 specified in board_part file is either invalid or not available
WARNING: [Board 49-26] cannot add Board Part xilinx.com:vmk180:part0:2.2 available at C:/Xilinx/Vivado/2023.2/data/xhub/boards/XilinxBoardStore/boards/Xilinx/vmk180/production/2.2/board.xml as part xcvm1802-vsva2197-2mp-e-s specified in board_part file is either invalid or not available
WARNING: [Board 49-26] cannot add Board Part xilinx.com:vmk180:part0:3.0 available at C:/Xilinx/Vivado/2023.2/data/xhub/boards/XilinxBoardStore/boards/Xilinx/vmk180/production/3.0/board.xml as part xcvm1802-vsva2197-2mp-e-s specified in board_part file is either invalid or not available
WARNING: [Board 49-26] cannot add Board Part xilinx.com:vmk180:part0:3.1 available at C:/Xilinx/Vivado/2023.2/data/xhub/boards/XilinxBoardStore/boards/Xilinx/vmk180/production/3.1/board.xml as part xcvm1802-vsva2197-2mp-e-s specified in board_part file is either invalid or not available
WARNING: [Board 49-26] cannot add Board Part xilinx.com:vmk180:part0:3.2 available at C:/Xilinx/Vivado/2023.2/data/xhub/boards/XilinxBoardStore/boards/Xilinx/vmk180/production/3.2/board.xml as part xcvm1802-vsva2197-2mp-e-s specified in board_part file is either invalid or not available
WARNING: [Board 49-26] cannot add Board Part xilinx.com:vmk180_newl:part0:1.0 available at C:/Xilinx/Vivado/2023.2/data/xhub/boards/XilinxBoardStore/boards/Xilinx/vmk180_newl/production/1.0/board.xml as part xcvm1802-vsva2197-2mp-e-s specified in board_part file is either invalid or not available
WARNING: [Board 49-26] cannot add Board Part xilinx.com:vmk180_newl:part0:1.1 available at C:/Xilinx/Vivado/2023.2/data/xhub/boards/XilinxBoardStore/boards/Xilinx/vmk180_newl/production/1.1/board.xml as part xcvm1802-vsva2197-2mp-e-s specified in board_part file is either invalid or not available
WARNING: [Board 49-26] cannot add Board Part xilinx.com:vpk120:part0:1.0 available at C:/Xilinx/Vivado/2023.2/data/xhub/boards/XilinxBoardStore/boards/Xilinx/vpk120/production/1.0/board.xml as part xcvp1202-vsva2785-2mp-e-s specified in board_part file is either invalid or not available
WARNING: [Board 49-26] cannot add Board Part xilinx.com:vpk120:part0:1.1 available at C:/Xilinx/Vivado/2023.2/data/xhub/boards/XilinxBoardStore/boards/Xilinx/vpk120/production/1.1/board.xml as part xcvp1202-vsva2785-2mp-e-s specified in board_part file is either invalid or not available
WARNING: [Board 49-26] cannot add Board Part xilinx.com:vpk120:part0:1.2 available at C:/Xilinx/Vivado/2023.2/data/xhub/boards/XilinxBoardStore/boards/Xilinx/vpk120/production/1.2/board.xml as part xcvp1202-vsva2785-2mp-e-s specified in board_part file is either invalid or not available
WARNING: [Board 49-26] cannot add Board Part xilinx.com:vpk180:part0:1.0 available at C:/Xilinx/Vivado/2023.2/data/xhub/boards/XilinxBoardStore/boards/Xilinx/vpk180/production/1.0/board.xml as part xcvp1802-lsvc4072-2mp-e-s specified in board_part file is either invalid or not available
WARNING: [Board 49-26] cannot add Board Part xilinx.com:vpk180:part0:1.1 available at C:/Xilinx/Vivado/2023.2/data/xhub/boards/XilinxBoardStore/boards/Xilinx/vpk180/production/1.1/board.xml as part xcvp1802-lsvc4072-2mp-e-s specified in board_part file is either invalid or not available
WARNING: [Board 49-26] cannot add Board Part xilinx.com:zc706:part0:1.4 available at C:/Xilinx/Vivado/2023.2/data/xhub/boards/XilinxBoardStore/boards/Xilinx/zc706/1.4/board.xml as part xc7z045ffg900-2 specified in board_part file is either invalid or not available
WARNING: [Board 49-26] cannot add Board Part xilinx.com:zcu102:part0:3.3 available at C:/Xilinx/Vivado/2023.2/data/xhub/boards/XilinxBoardStore/boards/Xilinx/zcu102/3.3/board.xml as part xczu9eg-ffvb1156-2-e specified in board_part file is either invalid or not available
WARNING: [Board 49-26] cannot add Board Part xilinx.com:zcu102:part0:3.4 available at C:/Xilinx/Vivado/2023.2/data/xhub/boards/XilinxBoardStore/boards/Xilinx/zcu102/3.4/board.xml as part xczu9eg-ffvb1156-2-e specified in board_part file is either invalid or not available
WARNING: [Board 49-26] cannot add Board Part xilinx.com:zcu111:part0:1.2 available at C:/Xilinx/Vivado/2023.2/data/xhub/boards/XilinxBoardStore/boards/Xilinx/zcu111/1.2/board.xml as part xczu28dr-ffvg1517-2-e specified in board_part file is either invalid or not available
WARNING: [Board 49-26] cannot add Board Part xilinx.com:zcu111:part0:1.3 available at C:/Xilinx/Vivado/2023.2/data/xhub/boards/XilinxBoardStore/boards/Xilinx/zcu111/1.3/board.xml as part xczu28dr-ffvg1517-2-e specified in board_part file is either invalid or not available
WARNING: [Board 49-26] cannot add Board Part xilinx.com:zcu111:part0:1.4 available at C:/Xilinx/Vivado/2023.2/data/xhub/boards/XilinxBoardStore/boards/Xilinx/zcu111/1.4/board.xml as part xczu28dr-ffvg1517-2-e specified in board_part file is either invalid or not available
WARNING: [Board 49-26] cannot add Board Part xilinx.com:zcu1275:part0:1.0 available at C:/Xilinx/Vivado/2023.2/data/xhub/boards/XilinxBoardStore/boards/Xilinx/zcu1275/1.0/board.xml as part xczu29dr-ffvf1760-2-e specified in board_part file is either invalid or not available
WARNING: [Board 49-26] cannot add Board Part xilinx.com:zcu1285:part0:1.0 available at C:/Xilinx/Vivado/2023.2/data/xhub/boards/XilinxBoardStore/boards/Xilinx/zcu1285/1.0/board.xml as part xczu39dr-ffvf1760-2-i specified in board_part file is either invalid or not available
WARNING: [Board 49-26] cannot add Board Part xilinx.com:zcu208:part0:2.0 available at C:/Xilinx/Vivado/2023.2/data/xhub/boards/XilinxBoardStore/boards/Xilinx/zcu208/production/2.0/board.xml as part xczu48dr-fsvg1517-2-e specified in board_part file is either invalid or not available
WARNING: [Board 49-26] cannot add Board Part xilinx.com:zcu208ld:part0:2.0 available at C:/Xilinx/Vivado/2023.2/data/xhub/boards/XilinxBoardStore/boards/Xilinx/zcu208ld/production/2.0/board.xml as part xczu58dr-fsvg1517-2-i specified in board_part file is either invalid or not available
WARNING: [Board 49-26] cannot add Board Part xilinx.com:zcu216:part0:2.0 available at C:/Xilinx/Vivado/2023.2/data/xhub/boards/XilinxBoardStore/boards/Xilinx/zcu216/production/2.0/board.xml as part xczu49dr-ffvf1760-2-e specified in board_part file is either invalid or not available
WARNING: [Board 49-26] cannot add Board Part xilinx.com:zcu216ld:part0:2.0 available at C:/Xilinx/Vivado/2023.2/data/xhub/boards/XilinxBoardStore/boards/Xilinx/zcu216ld/production/2.0/board.xml as part xczu59dr-ffvf1760-2-i specified in board_part file is either invalid or not available
WARNING: [Board 49-26] cannot add Board Part xilinx.com:zcu670:part0:2.0 available at C:/Xilinx/Vivado/2023.2/data/xhub/boards/XilinxBoardStore/boards/Xilinx/zcu670/2.0/board.xml as part xczu67dr-fsve1156-2-i specified in board_part file is either invalid or not available
WARNING: [Board 49-26] cannot add Board Part xilinx.com:zcu670ld:part0:1.0 available at C:/Xilinx/Vivado/2023.2/data/xhub/boards/XilinxBoardStore/boards/Xilinx/zcu670ld/1.0/board.xml as part xczu57dr-fsve1156-2-i specified in board_part file is either invalid or not available
INFO: [filemgmt 56-3] Default IP Output Path : Could not find the directory 'C:/ECE/ECE3300L/Alarm_Clock/Alarm_Clock.gen/sources_1'.
WARNING: [filemgmt 56-3] IPUserFilesDir: Could not find the directory 'C:/ECE/ECE3300L/Alarm_Clock/Alarm_Clock.ip_user_files'.
Scanning sources...
Finished scanning sources
INFO: [IP_Flow 19-234] Refreshing IP repositories
INFO: [IP_Flow 19-1704] No user IP repositories specified
INFO: [IP_Flow 19-2313] Loaded Vivado IP repository 'C:/Xilinx/Vivado/2023.2/data/ip'.
open_project: Time (s): cpu = 00:00:22 ; elapsed = 00:00:17 . Memory (MB): peak = 1454.211 ; gain = 204.121
update_compile_order -fileset sources_1
add_files -norecurse {C:/ECE/ECE3300L/Sound_Generation/Sound_Generation.srcs/sources_1/new/Sample_Music_Sheet.v C:/ECE/ECE3300L/Sound_Generation/Sound_Generation.srcs/sources_1/new/SongPlayer.v}
WARNING: [filemgmt 56-199] Attempt to get parsing info during refresh. "On-the-fly" syntax checking information may be incorrect. [C:\ECE\ECE3300L\Alarm_Clock\Alarm_Clock.srcs\sources_1\new\Alarm_Clock.v:]
WARNING: [filemgmt 56-199] Attempt to get parsing info during refresh. "On-the-fly" syntax checking information may be incorrect. [C:\ECE\ECE3300L\Digital_Clock\Digital_Clock.srcs\sources_1\new\Digital_Clock.v:]
ERROR: [Common 17-180] Spawn failed: No error
update_compile_order -fileset sources_1
WARNING: [filemgmt 56-199] Attempt to get parsing info during refresh. "On-the-fly" syntax checking information may be incorrect. [C:\ECE\ECE3300L\Alarm_Clock\Alarm_Clock.srcs\sources_1\new\Alarm_Clock.v:]
WARNING: [filemgmt 56-199] Attempt to get parsing info during refresh. "On-the-fly" syntax checking information may be incorrect. [C:\ECE\ECE3300L\Digital_Clock\Digital_Clock.srcs\sources_1\new\Digital_Clock.v:]
ERROR: [Common 17-180] Spawn failed: No error
WARNING: [filemgmt 56-199] Attempt to get parsing info during refresh. "On-the-fly" syntax checking information may be incorrect. [C:\ECE\ECE3300L\Digital_Clock\Digital_Clock.srcs\sources_1\new\Digital_Clock.v:]
WARNING: [filemgmt 56-199] Attempt to get parsing info during refresh. "On-the-fly" syntax checking information may be incorrect. [C:\ECE\ECE3300L\Sound_Generation\Sound_Generation.srcs\sources_1\new\SongPlayer.v:]
WARNING: [filemgmt 56-199] Attempt to get parsing info during refresh. "On-the-fly" syntax checking information may be incorrect. [C:\ECE\ECE3300L\Sound_Generation\Sound_Generation.srcs\sources_1\new\Sample_Music_Sheet.v:]
WARNING: [filemgmt 56-199] Attempt to get parsing info during refresh. "On-the-fly" syntax checking information may be incorrect. [C:\ECE\ECE3300L\Digital_Clock\Digital_Clock.srcs\sources_1\new\Digital_Clock.v:]
WARNING: [filemgmt 56-199] Attempt to get parsing info during refresh. "On-the-fly" syntax checking information may be incorrect. [C:\ECE\ECE3300L\Sound_Generation\Sound_Generation.srcs\sources_1\new\SongPlayer.v:]
WARNING: [filemgmt 56-199] Attempt to get parsing info during refresh. "On-the-fly" syntax checking information may be incorrect. [C:\ECE\ECE3300L\Sound_Generation\Sound_Generation.srcs\sources_1\new\Sample_Music_Sheet.v:]
update_compile_order -fileset sources_1
WARNING: [filemgmt 56-199] Attempt to get parsing info during refresh. "On-the-fly" syntax checking information may be incorrect. [C:\ECE\ECE3300L\Digital_Clock\Digital_Clock.srcs\sources_1\new\Digital_Clock.v:]
WARNING: [filemgmt 56-199] Attempt to get parsing info during refresh. "On-the-fly" syntax checking information may be incorrect. [C:\ECE\ECE3300L\Sound_Generation\Sound_Generation.srcs\sources_1\new\SongPlayer.v:]
WARNING: [filemgmt 56-199] Attempt to get parsing info during refresh. "On-the-fly" syntax checking information may be incorrect. [C:\ECE\ECE3300L\Sound_Generation\Sound_Generation.srcs\sources_1\new\Sample_Music_Sheet.v:]
WARNING: [filemgmt 56-199] Attempt to get parsing info during refresh. "On-the-fly" syntax checking information may be incorrect. [C:\ECE\ECE3300L\Digital_Clock\Digital_Clock.srcs\sources_1\new\Digital_Clock.v:]
WARNING: [filemgmt 56-199] Attempt to get parsing info during refresh. "On-the-fly" syntax checking information may be incorrect. [C:\ECE\ECE3300L\Sound_Generation\Sound_Generation.srcs\sources_1\new\SongPlayer.v:]
WARNING: [filemgmt 56-199] Attempt to get parsing info during refresh. "On-the-fly" syntax checking information may be incorrect. [C:\ECE\ECE3300L\Sound_Generation\Sound_Generation.srcs\sources_1\new\Sample_Music_Sheet.v:]
WARNING: [filemgmt 56-199] Attempt to get parsing info during refresh. "On-the-fly" syntax checking information may be incorrect. [C:\ECE\ECE3300L\Digital_Clock\Digital_Clock.srcs\sources_1\new\Digital_Clock.v:]
WARNING: [filemgmt 56-199] Attempt to get parsing info during refresh. "On-the-fly" syntax checking information may be incorrect. [C:\ECE\ECE3300L\Sound_Generation\Sound_Generation.srcs\sources_1\new\SongPlayer.v:]
WARNING: [filemgmt 56-199] Attempt to get parsing info during refresh. "On-the-fly" syntax checking information may be incorrect. [C:\ECE\ECE3300L\Sound_Generation\Sound_Generation.srcs\sources_1\new\Sample_Music_Sheet.v:]
WARNING: [filemgmt 56-199] Attempt to get parsing info during refresh. "On-the-fly" syntax checking information may be incorrect. [C:\ECE\ECE3300L\Digital_Clock\Digital_Clock.srcs\sources_1\new\Digital_Clock.v:]
WARNING: [filemgmt 56-199] Attempt to get parsing info during refresh. "On-the-fly" syntax checking information may be incorrect. [C:\ECE\ECE3300L\Sound_Generation\Sound_Generation.srcs\sources_1\new\SongPlayer.v:]
WARNING: [filemgmt 56-199] Attempt to get parsing info during refresh. "On-the-fly" syntax checking information may be incorrect. [C:\ECE\ECE3300L\Sound_Generation\Sound_Generation.srcs\sources_1\new\Sample_Music_Sheet.v:]
set_property is_enabled false [get_files  {C:/ECE/ECE3300L/Sound_Generation/Sound_Generation.srcs/sources_1/new/Sample_Music_Sheet.v C:/ECE/ECE3300L/Sound_Generation/Sound_Generation.srcs/sources_1/new/SongPlayer.v}]
set_property is_enabled true [get_files  C:/ECE/ECE3300L/Sound_Generation/Sound_Generation.srcs/sources_1/new/Sample_Music_Sheet.v]
WARNING: [filemgmt 56-199] Attempt to get parsing info during refresh. "On-the-fly" syntax checking information may be incorrect. [C:\ECE\ECE3300L\Digital_Clock\Digital_Clock.srcs\sources_1\new\Digital_Clock.v:]
WARNING: [filemgmt 56-199] Attempt to get parsing info during refresh. "On-the-fly" syntax checking information may be incorrect. [C:\ECE\ECE3300L\Sound_Generation\Sound_Generation.srcs\sources_1\new\SongPlayer.v:]
WARNING: [filemgmt 56-199] Attempt to get parsing info during refresh. "On-the-fly" syntax checking information may be incorrect. [C:\ECE\ECE3300L\Sound_Generation\Sound_Generation.srcs\sources_1\new\Sample_Music_Sheet.v:]
ERROR: [Common 17-180] Spawn failed: No error
WARNING: [filemgmt 56-199] Attempt to get parsing info during refresh. "On-the-fly" syntax checking information may be incorrect. [C:\ECE\ECE3300L\Digital_Clock\Digital_Clock.srcs\sources_1\new\Digital_Clock.v:]
WARNING: [filemgmt 56-199] Attempt to get parsing info during refresh. "On-the-fly" syntax checking information may be incorrect. [C:\ECE\ECE3300L\Sound_Generation\Sound_Generation.srcs\sources_1\new\SongPlayer.v:]
WARNING: [filemgmt 56-199] Attempt to get parsing info during refresh. "On-the-fly" syntax checking information may be incorrect. [C:\ECE\ECE3300L\Sound_Generation\Sound_Generation.srcs\sources_1\new\Sample_Music_Sheet.v:]
ERROR: [Common 17-180] Spawn failed: No error
WARNING: [filemgmt 56-199] Attempt to get parsing info during refresh. "On-the-fly" syntax checking information may be incorrect. [C:\ECE\ECE3300L\Digital_Clock\Digital_Clock.srcs\sources_1\new\Digital_Clock.v:]
WARNING: [filemgmt 56-199] Attempt to get parsing info during refresh. "On-the-fly" syntax checking information may be incorrect. [C:\ECE\ECE3300L\Sound_Generation\Sound_Generation.srcs\sources_1\new\SongPlayer.v:]
WARNING: [filemgmt 56-199] Attempt to get parsing info during refresh. "On-the-fly" syntax checking information may be incorrect. [C:\ECE\ECE3300L\Sound_Generation\Sound_Generation.srcs\sources_1\new\Sample_Music_Sheet.v:]
ERROR: [Common 17-180] Spawn failed: No error
WARNING: [filemgmt 56-199] Attempt to get parsing info during refresh. "On-the-fly" syntax checking information may be incorrect. [C:\ECE\ECE3300L\Digital_Clock\Digital_Clock.srcs\sources_1\new\Digital_Clock.v:]
WARNING: [filemgmt 56-199] Attempt to get parsing info during refresh. "On-the-fly" syntax checking information may be incorrect. [C:\ECE\ECE3300L\Sound_Generation\Sound_Generation.srcs\sources_1\new\SongPlayer.v:]
WARNING: [filemgmt 56-199] Attempt to get parsing info during refresh. "On-the-fly" syntax checking information may be incorrect. [C:\ECE\ECE3300L\Sound_Generation\Sound_Generation.srcs\sources_1\new\Sample_Music_Sheet.v:]
ERROR: [Common 17-180] Spawn failed: No error
WARNING: [filemgmt 56-199] Attempt to get parsing info during refresh. "On-the-fly" syntax checking information may be incorrect. [C:\ECE\ECE3300L\Digital_Clock\Digital_Clock.srcs\sources_1\new\Digital_Clock.v:]
WARNING: [filemgmt 56-199] Attempt to get parsing info during refresh. "On-the-fly" syntax checking information may be incorrect. [C:\ECE\ECE3300L\Sound_Generation\Sound_Generation.srcs\sources_1\new\SongPlayer.v:]
WARNING: [filemgmt 56-199] Attempt to get parsing info during refresh. "On-the-fly" syntax checking information may be incorrect. [C:\ECE\ECE3300L\Sound_Generation\Sound_Generation.srcs\sources_1\new\Sample_Music_Sheet.v:]
ERROR: [Common 17-180] Spawn failed: No error
synth_design -top Alarm_Clock -part xc7a100tcsg324-1 -lint 
Command: synth_design -top Alarm_Clock -part xc7a100tcsg324-1 -lint
Starting synth_design
Attempting to get a license for feature 'Synthesis' and/or device 'xc7a100t'
INFO: [Common 17-349] Got license for feature 'Synthesis' and/or device 'xc7a100t'
INFO: [Synth 8-7079] Multithreading enabled for synth_design using a maximum of 2 processes.
INFO: [Synth 8-7078] Launching helper process for spawning children vivado processes
INFO: [Synth 8-7075] Helper process launched with PID 25076
---------------------------------------------------------------------------------
Starting Synthesize : Time (s): cpu = 00:00:10 ; elapsed = 00:00:10 . Memory (MB): peak = 1913.523 ; gain = 404.004
---------------------------------------------------------------------------------
Clean up Linter database...
INFO: [Synth 8-6157] synthesizing module 'Alarm_Clock' [C:/ECE/ECE3300L/Digital_Clock/Digital_Clock.srcs/sources_1/new/Digital_Clock.v:3]
INFO: [Synth 8-6157] synthesizing module 'ClkGen400Hz' [C:/ECE/ECE3300L/POV/POV.srcs/sources_1/new/ClkGen400Hz.v:3]
INFO: [Synth 8-6155] done synthesizing module 'ClkGen400Hz' (1#1) [C:/ECE/ECE3300L/POV/POV.srcs/sources_1/new/ClkGen400Hz.v:3]
INFO: [Synth 8-6157] synthesizing module 'ClkGen1Hz' [C:/ECE/ECE3300L/Digital_Clock/Digital_Clock.srcs/sources_1/new/ClkGen1Hz.v:3]
INFO: [Synth 8-6155] done synthesizing module 'ClkGen1Hz' (2#1) [C:/ECE/ECE3300L/Digital_Clock/Digital_Clock.srcs/sources_1/new/ClkGen1Hz.v:3]
INFO: [Synth 8-6157] synthesizing module 'Counter2bit' [C:/ECE/ECE3300L/POV/POV.srcs/sources_1/new/Counter2bit.v:3]
INFO: [Synth 8-6155] done synthesizing module 'Counter2bit' (3#1) [C:/ECE/ECE3300L/POV/POV.srcs/sources_1/new/Counter2bit.v:3]
INFO: [Synth 8-6157] synthesizing module 'Decoder2to4' [C:/ECE/ECE3300L/POV/POV.srcs/sources_1/new/Decoder2to4.v:3]
INFO: [Synth 8-6155] done synthesizing module 'Decoder2to4' (4#1) [C:/ECE/ECE3300L/POV/POV.srcs/sources_1/new/Decoder2to4.v:3]
INFO: [Synth 8-6157] synthesizing module 'Minutes_Seconds_Counter' [C:/ECE/ECE3300L/Digital_Clock/Digital_Clock.srcs/sources_1/new/Minutes_Seconds_Counter.v:3]
INFO: [Synth 8-6155] done synthesizing module 'Minutes_Seconds_Counter' (5#1) [C:/ECE/ECE3300L/Digital_Clock/Digital_Clock.srcs/sources_1/new/Minutes_Seconds_Counter.v:3]
INFO: [Synth 8-6157] synthesizing module 'Digit_Separator' [C:/ECE/ECE3300L/Digital_Clock/Digital_Clock.srcs/sources_1/new/Digit_Separator.v:3]
INFO: [Synth 8-6155] done synthesizing module 'Digit_Separator' (6#1) [C:/ECE/ECE3300L/Digital_Clock/Digital_Clock.srcs/sources_1/new/Digit_Separator.v:3]
WARNING: [Synth 8-689] width (5) of port connection 'Ones' does not match port width (4) of module 'Digit_Separator' [C:/ECE/ECE3300L/Digital_Clock/Digital_Clock.srcs/sources_1/new/Digital_Clock.v:52]
WARNING: [Synth 8-689] width (5) of port connection 'Tens' does not match port width (4) of module 'Digit_Separator' [C:/ECE/ECE3300L/Digital_Clock/Digital_Clock.srcs/sources_1/new/Digital_Clock.v:53]
WARNING: [Synth 8-689] width (5) of port connection 'Hundreds' does not match port width (4) of module 'Digit_Separator' [C:/ECE/ECE3300L/Digital_Clock/Digital_Clock.srcs/sources_1/new/Digital_Clock.v:54]
WARNING: [Synth 8-689] width (5) of port connection 'Thousands' does not match port width (4) of module 'Digit_Separator' [C:/ECE/ECE3300L/Digital_Clock/Digital_Clock.srcs/sources_1/new/Digital_Clock.v:55]
INFO: [Synth 8-6157] synthesizing module 'BCD_to_sseg_Decoder' [C:/ECE/ECE3300L/Digital_Clock/Digital_Clock.srcs/sources_1/new/Binary_to_2_sseg_decoder.v:3]
INFO: [Synth 8-6155] done synthesizing module 'BCD_to_sseg_Decoder' (7#1) [C:/ECE/ECE3300L/Digital_Clock/Digital_Clock.srcs/sources_1/new/Binary_to_2_sseg_decoder.v:3]
WARNING: [Synth 8-689] width (5) of port connection 'BCD' does not match port width (4) of module 'BCD_to_sseg_Decoder' [C:/ECE/ECE3300L/Digital_Clock/Digital_Clock.srcs/sources_1/new/Digital_Clock.v:58]
WARNING: [Synth 8-689] width (5) of port connection 'BCD' does not match port width (4) of module 'BCD_to_sseg_Decoder' [C:/ECE/ECE3300L/Digital_Clock/Digital_Clock.srcs/sources_1/new/Digital_Clock.v:59]
WARNING: [Synth 8-689] width (5) of port connection 'BCD' does not match port width (4) of module 'BCD_to_sseg_Decoder' [C:/ECE/ECE3300L/Digital_Clock/Digital_Clock.srcs/sources_1/new/Digital_Clock.v:60]
WARNING: [Synth 8-689] width (5) of port connection 'BCD' does not match port width (4) of module 'BCD_to_sseg_Decoder' [C:/ECE/ECE3300L/Digital_Clock/Digital_Clock.srcs/sources_1/new/Digital_Clock.v:61]
INFO: [Synth 8-6157] synthesizing module 'mux4to1' [C:/ECE/ECE3300L/POV/POV.srcs/sources_1/new/mux4to1.v:3]
WARNING: [Synth 8-567] referenced signal 'in0' should be on the sensitivity list [C:/ECE/ECE3300L/POV/POV.srcs/sources_1/new/mux4to1.v:8]
WARNING: [Synth 8-567] referenced signal 'in1' should be on the sensitivity list [C:/ECE/ECE3300L/POV/POV.srcs/sources_1/new/mux4to1.v:8]
WARNING: [Synth 8-567] referenced signal 'in2' should be on the sensitivity list [C:/ECE/ECE3300L/POV/POV.srcs/sources_1/new/mux4to1.v:8]
WARNING: [Synth 8-567] referenced signal 'in3' should be on the sensitivity list [C:/ECE/ECE3300L/POV/POV.srcs/sources_1/new/mux4to1.v:8]
INFO: [Synth 8-6155] done synthesizing module 'mux4to1' (8#1) [C:/ECE/ECE3300L/POV/POV.srcs/sources_1/new/mux4to1.v:3]
INFO: [Synth 8-6157] synthesizing module 'PatGen1' [C:/ECE/ECE3300L/Lab6_POV_redo/Lab6_POV_redo.srcs/sources_1/new/PatGen1.v:3]
INFO: [Synth 8-6155] done synthesizing module 'PatGen1' (9#1) [C:/ECE/ECE3300L/Lab6_POV_redo/Lab6_POV_redo.srcs/sources_1/new/PatGen1.v:3]
INFO: [Synth 8-6157] synthesizing module 'PatGen2' [C:/ECE/ECE3300L/Lab6_POV_redo/Lab6_POV_redo.srcs/sources_1/new/PatGen2.v:3]
INFO: [Synth 8-6155] done synthesizing module 'PatGen2' (10#1) [C:/ECE/ECE3300L/Lab6_POV_redo/Lab6_POV_redo.srcs/sources_1/new/PatGen2.v:3]
INFO: [Synth 8-6157] synthesizing module 'PatGen3' [C:/ECE/ECE3300L/Lab6_POV_redo/Lab6_POV_redo.srcs/sources_1/new/PatGen3.v:3]
INFO: [Synth 8-6155] done synthesizing module 'PatGen3' (11#1) [C:/ECE/ECE3300L/Lab6_POV_redo/Lab6_POV_redo.srcs/sources_1/new/PatGen3.v:3]
INFO: [Synth 8-6157] synthesizing module 'PatGen4' [C:/ECE/ECE3300L/Lab6_POV_redo/Lab6_POV_redo.srcs/sources_1/new/PatGen4.v:3]
INFO: [Synth 8-6155] done synthesizing module 'PatGen4' (12#1) [C:/ECE/ECE3300L/Lab6_POV_redo/Lab6_POV_redo.srcs/sources_1/new/PatGen4.v:3]
INFO: [Synth 8-6157] synthesizing module 'SampleMusicSheet' [C:/ECE/ECE3300L/Sound_Generation/Sound_Generation.srcs/sources_1/new/Sample_Music_Sheet.v:3]
INFO: [Synth 8-6155] done synthesizing module 'SampleMusicSheet' (13#1) [C:/ECE/ECE3300L/Sound_Generation/Sound_Generation.srcs/sources_1/new/Sample_Music_Sheet.v:3]
WARNING: [Synth 8-689] width (5) of port connection 'duration' does not match port width (15) of module 'SampleMusicSheet' [C:/ECE/ECE3300L/Digital_Clock/Digital_Clock.srcs/sources_1/new/Digital_Clock.v:105]
WARNING: [Synth 8-3848] Net counter_to_mux2 in module/entity Alarm_Clock does not have driver. [C:/ECE/ECE3300L/Digital_Clock/Digital_Clock.srcs/sources_1/new/Digital_Clock.v:26]
WARNING: [Synth 8-3848] Net counter_to_mux in module/entity Alarm_Clock does not have driver. [C:/ECE/ECE3300L/Digital_Clock/Digital_Clock.srcs/sources_1/new/Digital_Clock.v:16]
WARNING: [Synth 8-3848] Net clk_to_PatGen in module/entity Alarm_Clock does not have driver. [C:/ECE/ECE3300L/Digital_Clock/Digital_Clock.srcs/sources_1/new/Digital_Clock.v:24]
INFO: [Synth 8-6155] done synthesizing module 'Alarm_Clock' (14#1) [C:/ECE/ECE3300L/Digital_Clock/Digital_Clock.srcs/sources_1/new/Digital_Clock.v:3]
---------------------------------------------------------------------------------
Finished Synthesize : Time (s): cpu = 00:00:12 ; elapsed = 00:00:13 . Memory (MB): peak = 2019.980 ; gain = 510.461
---------------------------------------------------------------------------------
Copyright 1986-2022 Xilinx, Inc. All Rights Reserved. Copyright 2022-2023 Advanced Micro Devices, Inc. All Rights Reserved.
---------------------------------------------------------------------------------------------------------------------------------------------
| Tool Version : Vivado v.2023.2 (win64) Build 4029153 Fri Oct 13 20:14:34 MDT 2023
| Date         : Tue Mar 19 13:53:41 2024
| Host         : DESKTOP-BSI61R4 running 64-bit major release  (build 9200)
---------------------------------------------------------------------------------------------------------------------------------------------

RTL Linter Report

Table of Contents
-----------------
1. Summary

1. Summary
----------

+----------+--------------+----------+
| Rule ID  | # Violations | # Waived |
+----------+--------------+----------+
| ASSIGN-5 | 7            | 0        |
| ASSIGN-7 | 1            | 0        |
+----------+--------------+----------+


WARNING: [Synth 37-95] [ASSIGN-5]Found scalar variable(s) 'clk_to_PatGen' declared and are not set.
RTL Name 'clk_to_PatGen', Hierarchy 'Alarm_Clock', File 'C:/ECE/ECE3300L/Digital_Clock/Digital_Clock.srcs/sources_1/new/Digital_Clock.v', Line 24.
WARNING: [Synth 37-95] [ASSIGN-5]Found scalar variable(s) 'clk_to_counter2' declared and are not set.
RTL Name 'clk_to_counter2', Hierarchy 'Alarm_Clock', File 'C:/ECE/ECE3300L/Digital_Clock/Digital_Clock.srcs/sources_1/new/Digital_Clock.v', Line 23.
WARNING: [Synth 37-87] [ASSIGN-5]All bits in array 'counter_to_mux' are not set. First unset bit index is 0. 
RTL Name 'counter_to_mux', Hierarchy 'Alarm_Clock', File 'C:/ECE/ECE3300L/Digital_Clock/Digital_Clock.srcs/sources_1/new/Digital_Clock.v', Line 16.
WARNING: [Synth 37-87] [ASSIGN-5]All bits in array 'counter_to_mux2' are not set. First unset bit index is 0. 
RTL Name 'counter_to_mux2', Hierarchy 'Alarm_Clock', File 'C:/ECE/ECE3300L/Digital_Clock/Digital_Clock.srcs/sources_1/new/Digital_Clock.v', Line 26.
WARNING: [Synth 37-87] [ASSIGN-5]All bits in array 'msec' are not set. First unset bit index is 0. 
RTL Name 'msec', Hierarchy 'Alarm_Clock', File 'C:/ECE/ECE3300L/Digital_Clock/Digital_Clock.srcs/sources_1/new/Digital_Clock.v', Line 96.
WARNING: [Synth 37-87] [ASSIGN-5]All bits in array 'note' are not set. First unset bit index is 0. 
RTL Name 'note', Hierarchy 'Alarm_Clock', File 'C:/ECE/ECE3300L/Digital_Clock/Digital_Clock.srcs/sources_1/new/Digital_Clock.v', Line 97.
WARNING: [Synth 37-87] [ASSIGN-5]All bits in array 'notePeriod' are not set. First unset bit index is 17. 
RTL Name 'notePeriod', Hierarchy 'Alarm_Clock', File 'C:/ECE/ECE3300L/Digital_Clock/Digital_Clock.srcs/sources_1/new/Digital_Clock.v', Line 98.
WARNING: [Synth 37-90] [ASSIGN-7]Multiple assignments detected on array sseg, first multi-driven bit index is 0.
RTL Name 'sseg', Hierarchy 'Alarm_Clock', File 'C:/ECE/ECE3300L/Digital_Clock/Digital_Clock.srcs/sources_1/new/Digital_Clock.v', Line 21.
INFO: [Synth 37-85] Total of 8 linter message(s) generated.
INFO: [Synth 37-45] Linter Run Finished!
Synthesis Optimization Runtime : Time (s): cpu = 00:00:12 ; elapsed = 00:00:13 . Memory (MB): peak = 2019.980 ; gain = 510.461
INFO: [Common 17-83] Releasing license: Synthesis
35 Infos, 24 Warnings, 0 Critical Warnings and 0 Errors encountered.
synth_design completed successfully
synth_design: Time (s): cpu = 00:00:12 ; elapsed = 00:00:13 . Memory (MB): peak = 2019.980 ; gain = 510.461
synth_design -rtl -rtl_skip_mlo -name rtl_1
Command: synth_design -rtl -rtl_skip_mlo -name rtl_1
Starting synth_design
Using part: xc7a100tcsg324-1
Top: Alarm_Clock
INFO: [Device 21-403] Loading part xc7a100tcsg324-1
INFO: [Synth 8-7079] Multithreading enabled for synth_design using a maximum of 2 processes.
---------------------------------------------------------------------------------
Starting RTL Elaboration : Time (s): cpu = 00:00:09 ; elapsed = 00:00:09 . Memory (MB): peak = 2321.410 ; gain = 106.344
---------------------------------------------------------------------------------
INFO: [Synth 8-6157] synthesizing module 'Alarm_Clock' [C:/ECE/ECE3300L/Digital_Clock/Digital_Clock.srcs/sources_1/new/Digital_Clock.v:3]
INFO: [Synth 8-6157] synthesizing module 'ClkGen400Hz' [C:/ECE/ECE3300L/POV/POV.srcs/sources_1/new/ClkGen400Hz.v:3]
INFO: [Synth 8-6155] done synthesizing module 'ClkGen400Hz' (0#1) [C:/ECE/ECE3300L/POV/POV.srcs/sources_1/new/ClkGen400Hz.v:3]
INFO: [Synth 8-6157] synthesizing module 'ClkGen1Hz' [C:/ECE/ECE3300L/Digital_Clock/Digital_Clock.srcs/sources_1/new/ClkGen1Hz.v:3]
INFO: [Synth 8-6155] done synthesizing module 'ClkGen1Hz' (0#1) [C:/ECE/ECE3300L/Digital_Clock/Digital_Clock.srcs/sources_1/new/ClkGen1Hz.v:3]
INFO: [Synth 8-6157] synthesizing module 'Counter2bit' [C:/ECE/ECE3300L/POV/POV.srcs/sources_1/new/Counter2bit.v:3]
INFO: [Synth 8-6155] done synthesizing module 'Counter2bit' (0#1) [C:/ECE/ECE3300L/POV/POV.srcs/sources_1/new/Counter2bit.v:3]
INFO: [Synth 8-6157] synthesizing module 'Decoder2to4' [C:/ECE/ECE3300L/POV/POV.srcs/sources_1/new/Decoder2to4.v:3]
INFO: [Synth 8-6155] done synthesizing module 'Decoder2to4' (0#1) [C:/ECE/ECE3300L/POV/POV.srcs/sources_1/new/Decoder2to4.v:3]
INFO: [Synth 8-6157] synthesizing module 'Minutes_Seconds_Counter' [C:/ECE/ECE3300L/Digital_Clock/Digital_Clock.srcs/sources_1/new/Minutes_Seconds_Counter.v:3]
INFO: [Synth 8-6155] done synthesizing module 'Minutes_Seconds_Counter' (0#1) [C:/ECE/ECE3300L/Digital_Clock/Digital_Clock.srcs/sources_1/new/Minutes_Seconds_Counter.v:3]
INFO: [Synth 8-6157] synthesizing module 'Digit_Separator' [C:/ECE/ECE3300L/Digital_Clock/Digital_Clock.srcs/sources_1/new/Digit_Separator.v:3]
INFO: [Synth 8-6155] done synthesizing module 'Digit_Separator' (0#1) [C:/ECE/ECE3300L/Digital_Clock/Digital_Clock.srcs/sources_1/new/Digit_Separator.v:3]
WARNING: [Synth 8-689] width (5) of port connection 'Ones' does not match port width (4) of module 'Digit_Separator' [C:/ECE/ECE3300L/Digital_Clock/Digital_Clock.srcs/sources_1/new/Digital_Clock.v:52]
WARNING: [Synth 8-689] width (5) of port connection 'Tens' does not match port width (4) of module 'Digit_Separator' [C:/ECE/ECE3300L/Digital_Clock/Digital_Clock.srcs/sources_1/new/Digital_Clock.v:53]
WARNING: [Synth 8-689] width (5) of port connection 'Hundreds' does not match port width (4) of module 'Digit_Separator' [C:/ECE/ECE3300L/Digital_Clock/Digital_Clock.srcs/sources_1/new/Digital_Clock.v:54]
WARNING: [Synth 8-689] width (5) of port connection 'Thousands' does not match port width (4) of module 'Digit_Separator' [C:/ECE/ECE3300L/Digital_Clock/Digital_Clock.srcs/sources_1/new/Digital_Clock.v:55]
INFO: [Synth 8-6157] synthesizing module 'BCD_to_sseg_Decoder' [C:/ECE/ECE3300L/Digital_Clock/Digital_Clock.srcs/sources_1/new/Binary_to_2_sseg_decoder.v:3]
INFO: [Synth 8-6155] done synthesizing module 'BCD_to_sseg_Decoder' (0#1) [C:/ECE/ECE3300L/Digital_Clock/Digital_Clock.srcs/sources_1/new/Binary_to_2_sseg_decoder.v:3]
WARNING: [Synth 8-689] width (5) of port connection 'BCD' does not match port width (4) of module 'BCD_to_sseg_Decoder' [C:/ECE/ECE3300L/Digital_Clock/Digital_Clock.srcs/sources_1/new/Digital_Clock.v:58]
WARNING: [Synth 8-689] width (5) of port connection 'BCD' does not match port width (4) of module 'BCD_to_sseg_Decoder' [C:/ECE/ECE3300L/Digital_Clock/Digital_Clock.srcs/sources_1/new/Digital_Clock.v:59]
WARNING: [Synth 8-689] width (5) of port connection 'BCD' does not match port width (4) of module 'BCD_to_sseg_Decoder' [C:/ECE/ECE3300L/Digital_Clock/Digital_Clock.srcs/sources_1/new/Digital_Clock.v:60]
WARNING: [Synth 8-689] width (5) of port connection 'BCD' does not match port width (4) of module 'BCD_to_sseg_Decoder' [C:/ECE/ECE3300L/Digital_Clock/Digital_Clock.srcs/sources_1/new/Digital_Clock.v:61]
INFO: [Synth 8-6157] synthesizing module 'mux4to1' [C:/ECE/ECE3300L/POV/POV.srcs/sources_1/new/mux4to1.v:3]
WARNING: [Synth 8-567] referenced signal 'in0' should be on the sensitivity list [C:/ECE/ECE3300L/POV/POV.srcs/sources_1/new/mux4to1.v:8]
WARNING: [Synth 8-567] referenced signal 'in1' should be on the sensitivity list [C:/ECE/ECE3300L/POV/POV.srcs/sources_1/new/mux4to1.v:8]
WARNING: [Synth 8-567] referenced signal 'in2' should be on the sensitivity list [C:/ECE/ECE3300L/POV/POV.srcs/sources_1/new/mux4to1.v:8]
WARNING: [Synth 8-567] referenced signal 'in3' should be on the sensitivity list [C:/ECE/ECE3300L/POV/POV.srcs/sources_1/new/mux4to1.v:8]
INFO: [Synth 8-6155] done synthesizing module 'mux4to1' (0#1) [C:/ECE/ECE3300L/POV/POV.srcs/sources_1/new/mux4to1.v:3]
INFO: [Synth 8-6157] synthesizing module 'PatGen1' [C:/ECE/ECE3300L/Lab6_POV_redo/Lab6_POV_redo.srcs/sources_1/new/PatGen1.v:3]
INFO: [Synth 8-6155] done synthesizing module 'PatGen1' (0#1) [C:/ECE/ECE3300L/Lab6_POV_redo/Lab6_POV_redo.srcs/sources_1/new/PatGen1.v:3]
INFO: [Synth 8-6157] synthesizing module 'PatGen2' [C:/ECE/ECE3300L/Lab6_POV_redo/Lab6_POV_redo.srcs/sources_1/new/PatGen2.v:3]
INFO: [Synth 8-6155] done synthesizing module 'PatGen2' (0#1) [C:/ECE/ECE3300L/Lab6_POV_redo/Lab6_POV_redo.srcs/sources_1/new/PatGen2.v:3]
INFO: [Synth 8-6157] synthesizing module 'PatGen3' [C:/ECE/ECE3300L/Lab6_POV_redo/Lab6_POV_redo.srcs/sources_1/new/PatGen3.v:3]
INFO: [Synth 8-6155] done synthesizing module 'PatGen3' (0#1) [C:/ECE/ECE3300L/Lab6_POV_redo/Lab6_POV_redo.srcs/sources_1/new/PatGen3.v:3]
INFO: [Synth 8-6157] synthesizing module 'PatGen4' [C:/ECE/ECE3300L/Lab6_POV_redo/Lab6_POV_redo.srcs/sources_1/new/PatGen4.v:3]
INFO: [Synth 8-6155] done synthesizing module 'PatGen4' (0#1) [C:/ECE/ECE3300L/Lab6_POV_redo/Lab6_POV_redo.srcs/sources_1/new/PatGen4.v:3]
INFO: [Synth 8-6157] synthesizing module 'SampleMusicSheet' [C:/ECE/ECE3300L/Sound_Generation/Sound_Generation.srcs/sources_1/new/Sample_Music_Sheet.v:3]
INFO: [Synth 8-6155] done synthesizing module 'SampleMusicSheet' (0#1) [C:/ECE/ECE3300L/Sound_Generation/Sound_Generation.srcs/sources_1/new/Sample_Music_Sheet.v:3]
WARNING: [Synth 8-689] width (5) of port connection 'duration' does not match port width (15) of module 'SampleMusicSheet' [C:/ECE/ECE3300L/Digital_Clock/Digital_Clock.srcs/sources_1/new/Digital_Clock.v:105]
INFO: [Synth 8-6155] done synthesizing module 'Alarm_Clock' (0#1) [C:/ECE/ECE3300L/Digital_Clock/Digital_Clock.srcs/sources_1/new/Digital_Clock.v:3]
WARNING: [Synth 8-3848] Net counter_to_mux2 in module/entity Alarm_Clock does not have driver. [C:/ECE/ECE3300L/Digital_Clock/Digital_Clock.srcs/sources_1/new/Digital_Clock.v:26]
WARNING: [Synth 8-3848] Net counter_to_mux in module/entity Alarm_Clock does not have driver. [C:/ECE/ECE3300L/Digital_Clock/Digital_Clock.srcs/sources_1/new/Digital_Clock.v:16]
WARNING: [Synth 8-3848] Net clk_to_PatGen in module/entity Alarm_Clock does not have driver. [C:/ECE/ECE3300L/Digital_Clock/Digital_Clock.srcs/sources_1/new/Digital_Clock.v:24]
---------------------------------------------------------------------------------
Finished RTL Elaboration : Time (s): cpu = 00:00:11 ; elapsed = 00:00:12 . Memory (MB): peak = 2428.445 ; gain = 213.379
---------------------------------------------------------------------------------
---------------------------------------------------------------------------------
Start Handling Custom Attributes
---------------------------------------------------------------------------------
---------------------------------------------------------------------------------
Finished Handling Custom Attributes : Time (s): cpu = 00:00:11 ; elapsed = 00:00:12 . Memory (MB): peak = 2428.445 ; gain = 213.379
---------------------------------------------------------------------------------
---------------------------------------------------------------------------------
Finished RTL Optimization Phase 1 : Time (s): cpu = 00:00:11 ; elapsed = 00:00:12 . Memory (MB): peak = 2428.445 ; gain = 213.379
---------------------------------------------------------------------------------
Netlist sorting complete. Time (s): cpu = 00:00:00 ; elapsed = 00:00:00.006 . Memory (MB): peak = 2428.445 ; gain = 0.000
INFO: [Project 1-570] Preparing netlist for logic optimization

Processing XDC Constraints
Initializing timing engine
Parsing XDC File [C:/Users/udoka/OneDrive/Desktop/Nexys-A7-100T-Master_Copy.xdc]
Finished Parsing XDC File [C:/Users/udoka/OneDrive/Desktop/Nexys-A7-100T-Master_Copy.xdc]
Completed Processing XDC Constraints

Netlist sorting complete. Time (s): cpu = 00:00:00 ; elapsed = 00:00:00.001 . Memory (MB): peak = 2547.004 ; gain = 0.000
INFO: [Project 1-111] Unisim Transformation Summary:
No Unisim elements were transformed.

RTL Elaboration Complete:  : Time (s): cpu = 00:00:17 ; elapsed = 00:00:19 . Memory (MB): peak = 2567.742 ; gain = 352.676
32 Infos, 16 Warnings, 0 Critical Warnings and 0 Errors encountered.
synth_design completed successfully
synth_design: Time (s): cpu = 00:00:22 ; elapsed = 00:00:36 . Memory (MB): peak = 2567.742 ; gain = 547.762
close_design
set_property is_enabled true [get_files  C:/ECE/ECE3300L/Sound_Generation/Sound_Generation.srcs/sources_1/new/SongPlayer.v]
WARNING: [filemgmt 56-199] Attempt to get parsing info during refresh. "On-the-fly" syntax checking information may be incorrect. [C:\ECE\ECE3300L\Digital_Clock\Digital_Clock.srcs\sources_1\new\Digital_Clock.v:]
WARNING: [filemgmt 56-199] Attempt to get parsing info during refresh. "On-the-fly" syntax checking information may be incorrect. [C:\ECE\ECE3300L\Sound_Generation\Sound_Generation.srcs\sources_1\new\SongPlayer.v:]
WARNING: [filemgmt 56-199] Attempt to get parsing info during refresh. "On-the-fly" syntax checking information may be incorrect. [C:\ECE\ECE3300L\Sound_Generation\Sound_Generation.srcs\sources_1\new\Sample_Music_Sheet.v:]
WARNING: [filemgmt 56-199] Attempt to get parsing info during refresh. "On-the-fly" syntax checking information may be incorrect. [C:\ECE\ECE3300L\Digital_Clock\Digital_Clock.srcs\sources_1\new\Digital_Clock.v:]
WARNING: [filemgmt 56-199] Attempt to get parsing info during refresh. "On-the-fly" syntax checking information may be incorrect. [C:\ECE\ECE3300L\Sound_Generation\Sound_Generation.srcs\sources_1\new\SongPlayer.v:]
WARNING: [filemgmt 56-199] Attempt to get parsing info during refresh. "On-the-fly" syntax checking information may be incorrect. [C:\ECE\ECE3300L\Sound_Generation\Sound_Generation.srcs\sources_1\new\Sample_Music_Sheet.v:]
update_compile_order -fileset sources_1
WARNING: [filemgmt 56-199] Attempt to get parsing info during refresh. "On-the-fly" syntax checking information may be incorrect. [C:\ECE\ECE3300L\Digital_Clock\Digital_Clock.srcs\sources_1\new\Digital_Clock.v:]
WARNING: [filemgmt 56-199] Attempt to get parsing info during refresh. "On-the-fly" syntax checking information may be incorrect. [C:\ECE\ECE3300L\Sound_Generation\Sound_Generation.srcs\sources_1\new\SongPlayer.v:]
WARNING: [filemgmt 56-199] Attempt to get parsing info during refresh. "On-the-fly" syntax checking information may be incorrect. [C:\ECE\ECE3300L\Sound_Generation\Sound_Generation.srcs\sources_1\new\Sample_Music_Sheet.v:]
WARNING: [filemgmt 56-199] Attempt to get parsing info during refresh. "On-the-fly" syntax checking information may be incorrect. [C:\ECE\ECE3300L\Digital_Clock\Digital_Clock.srcs\sources_1\new\Digital_Clock.v:]
WARNING: [filemgmt 56-199] Attempt to get parsing info during refresh. "On-the-fly" syntax checking information may be incorrect. [C:\ECE\ECE3300L\Digital_Clock\Digital_Clock.srcs\sources_1\new\Digital_Clock.v:]
WARNING: [filemgmt 56-199] Attempt to get parsing info during refresh. "On-the-fly" syntax checking information may be incorrect. [C:\ECE\ECE3300L\Sound_Generation\Sound_Generation.srcs\sources_1\new\SongPlayer.v:]
WARNING: [filemgmt 56-199] Attempt to get parsing info during refresh. "On-the-fly" syntax checking information may be incorrect. [C:\ECE\ECE3300L\Sound_Generation\Sound_Generation.srcs\sources_1\new\Sample_Music_Sheet.v:]
WARNING: [filemgmt 56-199] Attempt to get parsing info during refresh. "On-the-fly" syntax checking information may be incorrect. [C:\ECE\ECE3300L\Digital_Clock\Digital_Clock.srcs\sources_1\new\Digital_Clock.v:]
WARNING: [filemgmt 56-199] Attempt to get parsing info during refresh. "On-the-fly" syntax checking information may be incorrect. [C:\ECE\ECE3300L\Sound_Generation\Sound_Generation.srcs\sources_1\new\SongPlayer.v:]
WARNING: [filemgmt 56-199] Attempt to get parsing info during refresh. "On-the-fly" syntax checking information may be incorrect. [C:\ECE\ECE3300L\Sound_Generation\Sound_Generation.srcs\sources_1\new\Sample_Music_Sheet.v:]
update_compile_order -fileset sources_1
WARNING: [filemgmt 56-199] Attempt to get parsing info during refresh. "On-the-fly" syntax checking information may be incorrect. [C:\ECE\ECE3300L\Digital_Clock\Digital_Clock.srcs\sources_1\new\Digital_Clock.v:]
WARNING: [filemgmt 56-199] Attempt to get parsing info during refresh. "On-the-fly" syntax checking information may be incorrect. [C:\ECE\ECE3300L\Sound_Generation\Sound_Generation.srcs\sources_1\new\SongPlayer.v:]
WARNING: [filemgmt 56-199] Attempt to get parsing info during refresh. "On-the-fly" syntax checking information may be incorrect. [C:\ECE\ECE3300L\Sound_Generation\Sound_Generation.srcs\sources_1\new\Sample_Music_Sheet.v:]
WARNING: [filemgmt 56-199] Attempt to get parsing info during refresh. "On-the-fly" syntax checking information may be incorrect. [C:\ECE\ECE3300L\Digital_Clock\Digital_Clock.srcs\sources_1\new\Digital_Clock.v:]
WARNING: [filemgmt 56-199] Attempt to get parsing info during refresh. "On-the-fly" syntax checking information may be incorrect. [C:\ECE\ECE3300L\Sound_Generation\Sound_Generation.srcs\sources_1\new\SongPlayer.v:]
WARNING: [filemgmt 56-199] Attempt to get parsing info during refresh. "On-the-fly" syntax checking information may be incorrect. [C:\ECE\ECE3300L\Sound_Generation\Sound_Generation.srcs\sources_1\new\Sample_Music_Sheet.v:]
